Determining if the pthread_create exist failed with the following output:
Change Dir: /home/aimlab3/CLionProjects/pcd_tutorial/cmake-build-debug/CMakeFiles/CMakeTmp

Run Build Command:"/usr/bin/make" "cmTC_e2b91/fast"
/usr/bin/make -f CMakeFiles/cmTC_e2b91.dir/build.make CMakeFiles/cmTC_e2b91.dir/build
make[1]: Entering directory '/home/aimlab3/CLionProjects/pcd_tutorial/cmake-build-debug/CMakeFiles/CMakeTmp'
Building C object CMakeFiles/cmTC_e2b91.dir/CheckSymbolExists.c.o
/usr/bin/cc    -o CMakeFiles/cmTC_e2b91.dir/CheckSymbolExists.c.o   -c /home/aimlab3/CLionProjects/pcd_tutorial/cmake-build-debug/CMakeFiles/CMakeTmp/CheckSymbolExists.c
Linking C executable cmTC_e2b91
/home/aimlab3/clion-2018.2.2/bin/cmake/linux/bin/cmake -E cmake_link_script CMakeFiles/cmTC_e2b91.dir/link.txt --verbose=1
/usr/bin/cc      CMakeFiles/cmTC_e2b91.dir/CheckSymbolExists.c.o  -o cmTC_e2b91 
CMakeFiles/cmTC_e2b91.dir/CheckSymbolExists.c.o: In function `main':
CheckSymbolExists.c:(.text+0x16): undefined reference to `pthread_create'
collect2: error: ld returned 1 exit status
CMakeFiles/cmTC_e2b91.dir/build.make:86: recipe for target 'cmTC_e2b91' failed
make[1]: *** [cmTC_e2b91] Error 1
make[1]: Leaving directory '/home/aimlab3/CLionProjects/pcd_tutorial/cmake-build-debug/CMakeFiles/CMakeTmp'
Makefile:121: recipe for target 'cmTC_e2b91/fast' failed
make: *** [cmTC_e2b91/fast] Error 2

File /home/aimlab3/CLionProjects/pcd_tutorial/cmake-build-debug/CMakeFiles/CMakeTmp/CheckSymbolExists.c:
/* */
#include <pthread.h>

int main(int argc, char** argv)
{
  (void)argv;
#ifndef pthread_create
  return ((int*)(&pthread_create))[argc];
#else
  (void)argc;
  return 0;
#endif
}

Determining if the function pthread_create exists in the pthreads failed with the following output:
Change Dir: /home/aimlab3/CLionProjects/pcd_tutorial/cmake-build-debug/CMakeFiles/CMakeTmp

Run Build Command:"/usr/bin/make" "cmTC_b8376/fast"
/usr/bin/make -f CMakeFiles/cmTC_b8376.dir/build.make CMakeFiles/cmTC_b8376.dir/build
make[1]: Entering directory '/home/aimlab3/CLionProjects/pcd_tutorial/cmake-build-debug/CMakeFiles/CMakeTmp'
Building C object CMakeFiles/cmTC_b8376.dir/CheckFunctionExists.c.o
/usr/bin/cc   -DCHECK_FUNCTION_EXISTS=pthread_create   -o CMakeFiles/cmTC_b8376.dir/CheckFunctionExists.c.o   -c /home/aimlab3/clion-2018.2.2/bin/cmake/linux/share/cmake-3.12/Modules/CheckFunctionExists.c
Linking C executable cmTC_b8376
/home/aimlab3/clion-2018.2.2/bin/cmake/linux/bin/cmake -E cmake_link_script CMakeFiles/cmTC_b8376.dir/link.txt --verbose=1
/usr/bin/cc  -DCHECK_FUNCTION_EXISTS=pthread_create    CMakeFiles/cmTC_b8376.dir/CheckFunctionExists.c.o  -o cmTC_b8376 -lpthreads 
/usr/bin/ld: cannot find -lpthreads
collect2: error: ld returned 1 exit status
CMakeFiles/cmTC_b8376.dir/build.make:86: recipe for target 'cmTC_b8376' failed
make[1]: *** [cmTC_b8376] Error 1
make[1]: Leaving directory '/home/aimlab3/CLionProjects/pcd_tutorial/cmake-build-debug/CMakeFiles/CMakeTmp'
Makefile:121: recipe for target 'cmTC_b8376/fast' failed
make: *** [cmTC_b8376/fast] Error 2


