Determining if the pthread_create exist failed with the following output:
Change Dir: /home/aimlab3/CLionProjects/ocv2pcl/cmake-build-debug/CMakeFiles/CMakeTmp

Run Build Command:"/usr/bin/make" "cmTC_6835e/fast"
/usr/bin/make -f CMakeFiles/cmTC_6835e.dir/build.make CMakeFiles/cmTC_6835e.dir/build
make[1]: Entering directory '/home/aimlab3/CLionProjects/ocv2pcl/cmake-build-debug/CMakeFiles/CMakeTmp'
Building C object CMakeFiles/cmTC_6835e.dir/CheckSymbolExists.c.o
/usr/bin/cc    -o CMakeFiles/cmTC_6835e.dir/CheckSymbolExists.c.o   -c /home/aimlab3/CLionProjects/ocv2pcl/cmake-build-debug/CMakeFiles/CMakeTmp/CheckSymbolExists.c
Linking C executable cmTC_6835e
/home/aimlab3/clion-2018.2.2/bin/cmake/linux/bin/cmake -E cmake_link_script CMakeFiles/cmTC_6835e.dir/link.txt --verbose=1
/usr/bin/cc      CMakeFiles/cmTC_6835e.dir/CheckSymbolExists.c.o  -o cmTC_6835e 
CMakeFiles/cmTC_6835e.dir/CheckSymbolExists.c.o: In function `main':
CheckSymbolExists.c:(.text+0x16): undefined reference to `pthread_create'
collect2: error: ld returned 1 exit status
CMakeFiles/cmTC_6835e.dir/build.make:86: recipe for target 'cmTC_6835e' failed
make[1]: *** [cmTC_6835e] Error 1
make[1]: Leaving directory '/home/aimlab3/CLionProjects/ocv2pcl/cmake-build-debug/CMakeFiles/CMakeTmp'
Makefile:121: recipe for target 'cmTC_6835e/fast' failed
make: *** [cmTC_6835e/fast] Error 2

File /home/aimlab3/CLionProjects/ocv2pcl/cmake-build-debug/CMakeFiles/CMakeTmp/CheckSymbolExists.c:
/* */
#include <pthread.h>

int main(int argc, char** argv)
{
  (void)argv;
#ifndef pthread_create
  return ((int*)(&pthread_create))[argc];
#else
  (void)argc;
  return 0;
#endif
}

Determining if the function pthread_create exists in the pthreads failed with the following output:
Change Dir: /home/aimlab3/CLionProjects/ocv2pcl/cmake-build-debug/CMakeFiles/CMakeTmp

Run Build Command:"/usr/bin/make" "cmTC_17a3b/fast"
/usr/bin/make -f CMakeFiles/cmTC_17a3b.dir/build.make CMakeFiles/cmTC_17a3b.dir/build
make[1]: Entering directory '/home/aimlab3/CLionProjects/ocv2pcl/cmake-build-debug/CMakeFiles/CMakeTmp'
Building C object CMakeFiles/cmTC_17a3b.dir/CheckFunctionExists.c.o
/usr/bin/cc   -DCHECK_FUNCTION_EXISTS=pthread_create   -o CMakeFiles/cmTC_17a3b.dir/CheckFunctionExists.c.o   -c /home/aimlab3/clion-2018.2.2/bin/cmake/linux/share/cmake-3.12/Modules/CheckFunctionExists.c
Linking C executable cmTC_17a3b
/home/aimlab3/clion-2018.2.2/bin/cmake/linux/bin/cmake -E cmake_link_script CMakeFiles/cmTC_17a3b.dir/link.txt --verbose=1
/usr/bin/cc  -DCHECK_FUNCTION_EXISTS=pthread_create    CMakeFiles/cmTC_17a3b.dir/CheckFunctionExists.c.o  -o cmTC_17a3b -lpthreads 
/usr/bin/ld: cannot find -lpthreads
collect2: error: ld returned 1 exit status
CMakeFiles/cmTC_17a3b.dir/build.make:86: recipe for target 'cmTC_17a3b' failed
make[1]: *** [cmTC_17a3b] Error 1
make[1]: Leaving directory '/home/aimlab3/CLionProjects/ocv2pcl/cmake-build-debug/CMakeFiles/CMakeTmp'
Makefile:121: recipe for target 'cmTC_17a3b/fast' failed
make: *** [cmTC_17a3b/fast] Error 2


